{"level":"info","message":"Server running on port 3001","service":"community-sources"}
{"level":"info","message":"Received request for tab 0 with languages en-US","service":"community-sources"}
{"level":"info","message":"Fetching Bluesky posts for tab:","service":"community-sources"}
{"level":"info","message":"Fetching Nostr posts for tab:","service":"community-sources"}
{"level":"info","message":"Fetching Mastodon posts for tab:","service":"community-sources"}
{"level":"info","message":"Fetching Mastodon posts page 1","service":"community-sources"}
{"level":"info","message":"Received request for tab 0 with languages en-US","service":"community-sources"}
{"level":"info","message":"Fetching Bluesky posts for tab:","service":"community-sources"}
{"level":"info","message":"Fetching Nostr posts for tab:","service":"community-sources"}
{"level":"info","message":"Fetching Mastodon posts for tab:","service":"community-sources"}
{"level":"info","message":"Fetching Mastodon posts page 1","service":"community-sources"}
{"level":"error","message":"Error fetching Mastodon posts:","service":"community-sources"}
{"error":"InvalidRequest","headers":{"access-control-allow-origin":"*","connection":"keep-alive","content-length":"82","content-type":"application/json; charset=utf-8","date":"Mon, 09 Sep 2024 21:41:23 GMT","etag":"W/\"52-3koE+NnM80i4OMwvNfpfyNyykbs\"","vary":"Accept-Encoding","x-powered-by":"Express"},"level":"error","message":"Error fetching Bluesky posts: Input must have the property \"identifier\"","service":"community-sources","stack":"Error: Input must have the property \"identifier\"\n    at XrpcClient.call (/Users/samuelanderson/Community-Sources/server/node_modules/@atproto/xrpc/dist/xrpc-client.js:75:23)\n    at process.processTicksAndRejections (node:internal/process/task_queues:95:5)\n    at async CredentialSession.login (/Users/samuelanderson/Community-Sources/server/node_modules/@atproto/api/dist/atp-agent.js:257:25)\n    at async fetchBlueskyPosts (/Users/samuelanderson/Community-Sources/server/server.js:103:2)\n    at async Promise.all (index 0)\n    at async /Users/samuelanderson/Community-Sources/server/server.js:307:49","status":400,"success":false}
{"error":"InvalidRequest","headers":{"access-control-allow-origin":"*","connection":"keep-alive","content-length":"82","content-type":"application/json; charset=utf-8","date":"Mon, 09 Sep 2024 21:41:23 GMT","etag":"W/\"52-3koE+NnM80i4OMwvNfpfyNyykbs\"","vary":"Accept-Encoding","x-powered-by":"Express"},"level":"error","message":"Error fetching Bluesky posts: Input must have the property \"identifier\"","service":"community-sources","stack":"Error: Input must have the property \"identifier\"\n    at XrpcClient.call (/Users/samuelanderson/Community-Sources/server/node_modules/@atproto/xrpc/dist/xrpc-client.js:75:23)\n    at process.processTicksAndRejections (node:internal/process/task_queues:95:5)\n    at async CredentialSession.login (/Users/samuelanderson/Community-Sources/server/node_modules/@atproto/api/dist/atp-agent.js:257:25)\n    at async fetchBlueskyPosts (/Users/samuelanderson/Community-Sources/server/server.js:103:2)\n    at async Promise.all (index 0)\n    at async /Users/samuelanderson/Community-Sources/server/server.js:307:49","status":400,"success":false}
{"level":"error","message":"Error fetching Mastodon posts:","service":"community-sources"}
{"level":"info","message":"Filtered 7 Nostr events","service":"community-sources"}
{"level":"info","message":"Sending response with 0 Bluesky posts, 7 Nostr posts, and 0 Mastodon posts","service":"community-sources"}
{"level":"info","message":"Filtered 7 Nostr events","service":"community-sources"}
{"level":"info","message":"Sending response with 0 Bluesky posts, 7 Nostr posts, and 0 Mastodon posts","service":"community-sources"}
{"level":"info","message":"Server running on port 3001","service":"community-sources"}
{"level":"info","message":"Server running on port 3001","service":"community-sources"}
{"level":"info","message":"Server running on port 3001","service":"community-sources"}
{"level":"info","message":"Server running on port 3001","service":"community-sources"}
{"level":"info","message":"Server running on port 3001","service":"community-sources"}
{"level":"error","message":"Error: ENOENT: no such file or directory, stat '/Users/samuelanderson/Community-Sources/server/src/public/index.html'","service":"community-sources"}
{"level":"info","message":"Server running on port 3001","service":"community-sources"}
{"level":"error","message":"Error: ENOENT: no such file or directory, stat '/Users/samuelanderson/Community-Sources/server/src/public/index.html'","service":"community-sources"}
{"level":"info","message":"Server running on port 3001","service":"community-sources"}
{"level":"error","message":"Error: ENOENT: no such file or directory, stat '/Users/samuelanderson/Community-Sources/server/src/public/index.html'","service":"community-sources"}
{"level":"info","message":"Received request for tab 0 with languages en-US","service":"community-sources"}
{"level":"info","message":"Fetching Bluesky posts for tab:","service":"community-sources"}
{"level":"info","message":"Fetching Nostr posts for tab:","service":"community-sources"}
{"level":"info","message":"Fetching Mastodon posts for tab:","service":"community-sources"}
{"level":"info","message":"Fetching Mastodon posts page 1","service":"community-sources"}
{"level":"info","message":"Received request for tab 0 with languages en-US","service":"community-sources"}
{"level":"info","message":"Fetching Bluesky posts for tab:","service":"community-sources"}
{"level":"info","message":"Fetching Nostr posts for tab:","service":"community-sources"}
{"level":"info","message":"Fetching Mastodon posts for tab:","service":"community-sources"}
{"level":"info","message":"Fetching Mastodon posts page 1","service":"community-sources"}
{"level":"info","message":"Processed 0 Mastodon posts","service":"community-sources"}
{"level":"error","message":"Error fetching Bluesky posts: agent.api.app.bsky.feed.getFeed is not a function","service":"community-sources","stack":"TypeError: agent.api.app.bsky.feed.getFeed is not a function\n    at fetchBlueskyPosts (/Users/samuelanderson/Community-Sources/server/src/server.js:108:49)\n    at process.processTicksAndRejections (node:internal/process/task_queues:95:5)\n    at async Promise.all (index 0)\n    at async /Users/samuelanderson/Community-Sources/server/src/server.js:307:49"}
{"level":"error","message":"Error fetching Bluesky posts: agent.api.app.bsky.feed.getFeed is not a function","service":"community-sources","stack":"TypeError: agent.api.app.bsky.feed.getFeed is not a function\n    at fetchBlueskyPosts (/Users/samuelanderson/Community-Sources/server/src/server.js:108:49)\n    at process.processTicksAndRejections (node:internal/process/task_queues:95:5)\n    at async Promise.all (index 0)\n    at async /Users/samuelanderson/Community-Sources/server/src/server.js:307:49"}
{"level":"info","message":"Processed 0 Mastodon posts","service":"community-sources"}
{"level":"info","message":"Filtered 9 Nostr events","service":"community-sources"}
{"level":"info","message":"Sending response with 0 Bluesky posts, 9 Nostr posts, and 0 Mastodon posts","service":"community-sources"}
{"level":"info","message":"Filtered 9 Nostr events","service":"community-sources"}
{"level":"info","message":"Sending response with 0 Bluesky posts, 9 Nostr posts, and 0 Mastodon posts","service":"community-sources"}
{"level":"info","message":"Received request for tab 1 with languages en-US","service":"community-sources"}
{"level":"info","message":"Fetching Bluesky posts for tab:","service":"community-sources"}
{"level":"info","message":"Fetching Nostr posts for tab:","service":"community-sources"}
{"level":"info","message":"Fetching Mastodon posts for tab:","service":"community-sources"}
{"level":"info","message":"Fetching Mastodon posts page 1","service":"community-sources"}
{"level":"error","message":"Error fetching Bluesky posts: agent.api.app.bsky.feed.getFeed is not a function","service":"community-sources","stack":"TypeError: agent.api.app.bsky.feed.getFeed is not a function\n    at fetchBlueskyPosts (/Users/samuelanderson/Community-Sources/server/src/server.js:108:49)\n    at process.processTicksAndRejections (node:internal/process/task_queues:95:5)\n    at async Promise.all (index 0)\n    at async /Users/samuelanderson/Community-Sources/server/src/server.js:307:49"}
{"level":"info","message":"Processed 1 Mastodon posts","service":"community-sources"}
{"level":"info","message":"Filtered 11 Nostr events","service":"community-sources"}
{"level":"info","message":"Sending response with 0 Bluesky posts, 11 Nostr posts, and 1 Mastodon posts","service":"community-sources"}
{"level":"info","message":"Server running on port 3001","service":"community-sources"}
{"level":"error","message":"Error: ENOENT: no such file or directory, stat '/Users/samuelanderson/Community-Sources/server/src/public/index.html'","service":"community-sources"}
{"level":"info","message":"Received request for tab 0 with languages en-US","service":"community-sources"}
{"level":"info","message":"Fetching Bluesky posts for tab:","service":"community-sources"}
{"level":"info","message":"Fetching Nostr posts for tab:","service":"community-sources"}
{"level":"info","message":"Fetching Mastodon posts for tab:","service":"community-sources"}
{"level":"info","message":"Fetching Mastodon posts page 1","service":"community-sources"}
{"level":"info","message":"Received request for tab 0 with languages en-US","service":"community-sources"}
{"level":"info","message":"Fetching Bluesky posts for tab:","service":"community-sources"}
{"level":"info","message":"Fetching Nostr posts for tab:","service":"community-sources"}
{"level":"info","message":"Fetching Mastodon posts for tab:","service":"community-sources"}
{"level":"info","message":"Fetching Mastodon posts page 1","service":"community-sources"}
{"error":"InvalidRequest","level":"error","message":"Error fetching Bluesky posts: Input must have the property \"identifier\"","service":"community-sources","stack":"Error: Input must have the property \"identifier\"\n    at ServiceClient.call (/Users/samuelanderson/Community-Sources/server/node_modules/@atproto/api/dist/index.js:7099:15)\n    at process.processTicksAndRejections (node:internal/process/task_queues:95:5)\n    at async _AtpAgent.login (/Users/samuelanderson/Community-Sources/server/node_modules/@atproto/api/dist/index.js:14759:19)\n    at async fetchBlueskyPosts (/Users/samuelanderson/Community-Sources/server/src/server.js:103:2)\n    at async Promise.all (index 0)\n    at async /Users/samuelanderson/Community-Sources/server/src/server.js:307:49","status":400,"success":false}
{"error":"InvalidRequest","level":"error","message":"Error fetching Bluesky posts: Input must have the property \"identifier\"","service":"community-sources","stack":"Error: Input must have the property \"identifier\"\n    at ServiceClient.call (/Users/samuelanderson/Community-Sources/server/node_modules/@atproto/api/dist/index.js:7099:15)\n    at process.processTicksAndRejections (node:internal/process/task_queues:95:5)\n    at async _AtpAgent.login (/Users/samuelanderson/Community-Sources/server/node_modules/@atproto/api/dist/index.js:14759:19)\n    at async fetchBlueskyPosts (/Users/samuelanderson/Community-Sources/server/src/server.js:103:2)\n    at async Promise.all (index 0)\n    at async /Users/samuelanderson/Community-Sources/server/src/server.js:307:49","status":400,"success":false}
{"level":"info","message":"Processed 0 Mastodon posts","service":"community-sources"}
{"level":"info","message":"Processed 0 Mastodon posts","service":"community-sources"}
{"level":"info","message":"Filtered 7 Nostr events","service":"community-sources"}
{"level":"info","message":"Sending response with 0 Bluesky posts, 7 Nostr posts, and 0 Mastodon posts","service":"community-sources"}
{"level":"info","message":"Filtered 7 Nostr events","service":"community-sources"}
{"level":"info","message":"Sending response with 0 Bluesky posts, 7 Nostr posts, and 0 Mastodon posts","service":"community-sources"}
{"level":"info","message":"Received request for tab 1 with languages en-US","service":"community-sources"}
{"level":"info","message":"Fetching Bluesky posts for tab:","service":"community-sources"}
{"level":"info","message":"Fetching Nostr posts for tab:","service":"community-sources"}
{"level":"info","message":"Fetching Mastodon posts for tab:","service":"community-sources"}
{"level":"info","message":"Fetching Mastodon posts page 1","service":"community-sources"}
{"error":"InvalidRequest","level":"error","message":"Error fetching Bluesky posts: Input must have the property \"identifier\"","service":"community-sources","stack":"Error: Input must have the property \"identifier\"\n    at ServiceClient.call (/Users/samuelanderson/Community-Sources/server/node_modules/@atproto/api/dist/index.js:7099:15)\n    at process.processTicksAndRejections (node:internal/process/task_queues:95:5)\n    at async _AtpAgent.login (/Users/samuelanderson/Community-Sources/server/node_modules/@atproto/api/dist/index.js:14759:19)\n    at async fetchBlueskyPosts (/Users/samuelanderson/Community-Sources/server/src/server.js:103:2)\n    at async Promise.all (index 0)\n    at async /Users/samuelanderson/Community-Sources/server/src/server.js:307:49","status":400,"success":false}
{"level":"info","message":"Processed 0 Mastodon posts","service":"community-sources"}
{"level":"info","message":"Filtered 7 Nostr events","service":"community-sources"}
{"level":"info","message":"Sending response with 0 Bluesky posts, 7 Nostr posts, and 0 Mastodon posts","service":"community-sources"}
{"level":"info","message":"Received request for tab 2 with languages en-US","service":"community-sources"}
{"level":"info","message":"Fetching Bluesky posts for tab:","service":"community-sources"}
{"level":"info","message":"Fetching Nostr posts for tab:","service":"community-sources"}
{"level":"info","message":"Fetching Mastodon posts for tab:","service":"community-sources"}
{"level":"info","message":"Fetching Mastodon posts page 1","service":"community-sources"}
{"level":"info","message":"Processed 0 Mastodon posts","service":"community-sources"}
{"error":"InvalidRequest","level":"error","message":"Error fetching Bluesky posts: Input must have the property \"identifier\"","service":"community-sources","stack":"Error: Input must have the property \"identifier\"\n    at ServiceClient.call (/Users/samuelanderson/Community-Sources/server/node_modules/@atproto/api/dist/index.js:7099:15)\n    at process.processTicksAndRejections (node:internal/process/task_queues:95:5)\n    at async _AtpAgent.login (/Users/samuelanderson/Community-Sources/server/node_modules/@atproto/api/dist/index.js:14759:19)\n    at async fetchBlueskyPosts (/Users/samuelanderson/Community-Sources/server/src/server.js:103:2)\n    at async Promise.all (index 0)\n    at async /Users/samuelanderson/Community-Sources/server/src/server.js:307:49","status":400,"success":false}
{"level":"info","message":"Filtered 0 Nostr events","service":"community-sources"}
{"level":"info","message":"Sending response with 0 Bluesky posts, 0 Nostr posts, and 0 Mastodon posts","service":"community-sources"}
{"level":"info","message":"Server running on port 3001","service":"community-sources"}
{"level":"info","message":"Server running on port 3001","service":"community-sources"}
{"level":"info","message":"Server running on port 3001","service":"community-sources"}
{"level":"info","message":"Server running on port 3001","service":"community-sources"}
{"level":"error","message":"Error: ENOENT: no such file or directory, stat '/Users/samuelanderson/Community-Sources/server/src/public/index.html'","service":"community-sources"}
{"level":"info","message":"Server running on port 3001","service":"community-sources"}
{"level":"error","message":"Error: ENOENT: no such file or directory, stat '/Users/samuelanderson/Community-Sources/server/src/public/index.html'","service":"community-sources"}
{"level":"error","message":"Error: ENOENT: no such file or directory, stat '/Users/samuelanderson/Community-Sources/server/src/public/index.html'","service":"community-sources"}
{"level":"info","message":"Server running on port 3001","service":"community-sources"}
{"level":"error","message":"Error: ENOENT: no such file or directory, stat '/Users/samuelanderson/Community-Sources/server/src/public/index.html'","service":"community-sources"}
{"level":"info","message":"Server running on port 3001","service":"community-sources"}
{"level":"error","message":"Error: ENOENT: no such file or directory, stat '/Users/samuelanderson/Community-Sources/server/src/public/index.html'","service":"community-sources"}
{"level":"info","message":"Received request for tab 0 with languages en-US","service":"community-sources"}
{"level":"info","message":"Fetching Bluesky posts for tab:","service":"community-sources"}
{"level":"info","message":"Fetching Nostr posts for tab:","service":"community-sources"}
{"level":"info","message":"Fetching Mastodon posts for tab:","service":"community-sources"}
{"level":"info","message":"Fetching Mastodon posts page 1","service":"community-sources"}
{"level":"info","message":"Received request for tab 0 with languages en-US","service":"community-sources"}
{"level":"info","message":"Fetching Bluesky posts for tab:","service":"community-sources"}
{"level":"info","message":"Fetching Nostr posts for tab:","service":"community-sources"}
{"level":"info","message":"Fetching Mastodon posts for tab:","service":"community-sources"}
{"level":"info","message":"Fetching Mastodon posts page 1","service":"community-sources"}
{"level":"info","message":"Processed 0 Mastodon posts","service":"community-sources"}
{"level":"error","message":"Error fetching Bluesky posts: agent.api.app.bsky.feed.getFeed is not a function","service":"community-sources","stack":"TypeError: agent.api.app.bsky.feed.getFeed is not a function\n    at fetchBlueskyPosts (/Users/samuelanderson/Community-Sources/server/src/server.js:108:49)\n    at process.processTicksAndRejections (node:internal/process/task_queues:95:5)\n    at async Promise.all (index 0)\n    at async /Users/samuelanderson/Community-Sources/server/src/server.js:307:49"}
{"level":"error","message":"Error fetching Bluesky posts: agent.api.app.bsky.feed.getFeed is not a function","service":"community-sources","stack":"TypeError: agent.api.app.bsky.feed.getFeed is not a function\n    at fetchBlueskyPosts (/Users/samuelanderson/Community-Sources/server/src/server.js:108:49)\n    at process.processTicksAndRejections (node:internal/process/task_queues:95:5)\n    at async Promise.all (index 0)\n    at async /Users/samuelanderson/Community-Sources/server/src/server.js:307:49"}
{"level":"info","message":"Processed 0 Mastodon posts","service":"community-sources"}
{"level":"info","message":"Filtered 5 Nostr events","service":"community-sources"}
{"level":"info","message":"Sending response with 0 Bluesky posts, 5 Nostr posts, and 0 Mastodon posts","service":"community-sources"}
{"level":"info","message":"Filtered 4 Nostr events","service":"community-sources"}
{"level":"info","message":"Sending response with 0 Bluesky posts, 4 Nostr posts, and 0 Mastodon posts","service":"community-sources"}
